<?xml version="1.0" encoding="UTF-8"?>
<!-- Generated by org.testng.reporters.JUnitReportReporter -->
<testsuite hostname="Izzah" failures="0" tests="1" name="com.juaracoding.swagmobile.PinchOutTest" time="11.259" errors="0" timestamp="2025-09-01T05:35:04 WIB" skipped="0">
  <testcase classname="com.juaracoding.swagmobile.PinchOutTest" name="TC0001" time="11.259"/>
</testsuite> <!-- com.juaracoding.swagmobile.PinchOutTest -->
